<?xml version="1.0" encoding="UTF-8"?>
<!-- Generated by org.testng.reporters.JUnitReportReporter -->
<testsuite hostname="DESKTOP-58K76UH" failures="0" tests="7" name="org.academy.web.tests.LoginTest" time="22.674" errors="0" timestamp="2020-05-15T23:47:55 EEST" skipped="0">
  <testcase classname="org.academy.web.tests.LoginTest" name="negativeLoginTest" time="2.738"/>
  <system-out/>
  <testcase classname="org.academy.web.tests.LoginTest" name="negativeLoginTest" time="1.940"/>
  <system-out/>
  <testcase classname="org.academy.web.tests.LoginTest" name="positiveLoginTest" time="2.730"/>
  <system-out/>
  <testcase classname="org.academy.web.tests.LoginTest" name="negativeLoginTest" time="2.139"/>
  <system-out/>
  <testcase classname="org.academy.web.tests.LoginTest" name="negativeLoginTest" time="1.939"/>
  <system-out/>
  <testcase classname="org.academy.web.tests.LoginTest" name="negativeLoginTest" time="9.249"/>
  <system-out/>
  <testcase classname="org.academy.web.tests.LoginTest" name="negativeLoginTest" time="1.939"/>
  <system-out/>
</testsuite> <!-- org.academy.web.tests.LoginTest -->
